In file included from [01m[K/home/zyh/ibvs_nmpc_ws/src/ibvs_pkg/src/ibvs_aruco.cpp:1[m[K:
[01m[K/home/zyh/ibvs_nmpc_ws/src/ibvs_pkg/include/ibvs_aruco.h:40:10:[m[K [01;31m[Kfatal error: [m[Kibvs_pkg/Marker.h: æ²¡æœ‰é‚£ä¸ªæ–‡ä»¶æˆ–ç›®å½•
   40 | #include [01;31m[K"ibvs_pkg/Marker.h"[m[K
      |          [01;31m[K^~~~~~~~~~~~~~~~~~~[m[K
compilation terminated.
make[2]: *** [CMakeFiles/ibvs_aruco.dir/build.make:76ï¼šCMakeFiles/ibvs_aruco.dir/src/ibvs_aruco.cpp.o] é”™è¯¯ 1
make[1]: *** [CMakeFiles/Makefile2:2018ï¼šCMakeFiles/ibvs_aruco.dir/all] é”™è¯¯ 2
make[1]: *** æ­£åœ¨ç­‰å¾…æœªå®Œæˆçš„ä»»åŠ¡....
In file included from [01m[K/home/zyh/ibvs_nmpc_ws/src/ibvs_pkg/src/ibvs_circle_node.cpp:2[m[K:
[01m[K/home/zyh/ibvs_nmpc_ws/src/ibvs_pkg/include/ibvs_circle.h:43:10:[m[K [01;31m[Kfatal error: [m[Kibvs_pkg/Marker.h: æ²¡æœ‰é‚£ä¸ªæ–‡ä»¶æˆ–ç›®å½•
   43 | #include [01;31m[K"ibvs_pkg/Marker.h"[m[K
      |          [01;31m[K^~~~~~~~~~~~~~~~~~~[m[K
compilation terminated.
make[2]: *** [CMakeFiles/ibvs_circle.dir/build.make:76ï¼šCMakeFiles/ibvs_circle.dir/src/ibvs_circle_node.cpp.o] é”™è¯¯ 1
make[2]: *** æ­£åœ¨ç­‰å¾…æœªå®Œæˆçš„ä»»åŠ¡....
In file included from [01m[K/home/zyh/ibvs_nmpc_ws/src/ibvs_pkg/src/ibvs_circle.cpp:1[m[K:
[01m[K/home/zyh/ibvs_nmpc_ws/src/ibvs_pkg/include/ibvs_circle.h:43:10:[m[K [01;31m[Kfatal error: [m[Kibvs_pkg/Marker.h: æ²¡æœ‰é‚£ä¸ªæ–‡ä»¶æˆ–ç›®å½•
   43 | #include [01;31m[K"ibvs_pkg/Marker.h"[m[K
      |          [01;31m[K^~~~~~~~~~~~~~~~~~~[m[K
compilation terminated.
make[2]: *** [CMakeFiles/ibvs_circle.dir/build.make:90ï¼šCMakeFiles/ibvs_circle.dir/src/ibvs_circle.cpp.o] é”™è¯¯ 1
make[1]: *** [CMakeFiles/Makefile2:2044ï¼šCMakeFiles/ibvs_circle.dir/all] é”™è¯¯ 2
make: *** [Makefile:146ï¼šall] é”™è¯¯ 2
